<?xml version="1.0" encoding="UTF-8"?>
<testng-results ignored="0" total="81" passed="81" failed="0" skipped="0">
  <reporter-output>
  </reporter-output>
  <suite started-at="2023-12-06T12:59:27 EST" name="Suite" finished-at="2023-12-06T13:01:27 EST" duration-ms="119802">
    <groups>
      <group name="cucumber">
        <method signature="AbstractTestNGCucumberTests.runScenario(io.cucumber.testng.PickleWrapper,io.cucumber.testng.FeatureWrapper)[pri:0, instance:runner.TestRunner@38604b81]" name="runScenario" class="io.cucumber.testng.AbstractTestNGCucumberTests"/>
      </group> <!-- cucumber -->
    </groups>
    <test started-at="2023-12-06T12:59:27 EST" name="ChromeTestCases" finished-at="2023-12-06T13:01:27 EST" duration-ms="119802">
      <class name="runner.TestRunner">
        <test-method is-config="true" signature="defineBrowser(java.lang.String)[pri:0, instance:runner.TestRunner@38604b81]" started-at="2023-12-06T12:59:27 EST" name="defineBrowser" finished-at="2023-12-06T12:59:33 EST" duration-ms="5912" status="PASS">
          <params>
            <param index="0">
              <value>
                <![CDATA[chrome]]>
              </value>
            </param>
          </params>
          <reporter-output>
          </reporter-output>
        </test-method> <!-- defineBrowser -->
        <test-method is-config="true" signature="setUpClass(org.testng.ITestContext)[pri:0, instance:runner.TestRunner@38604b81]" started-at="2023-12-06T12:59:33 EST" name="setUpClass" finished-at="2023-12-06T12:59:35 EST" duration-ms="1445" status="PASS">
          <params>
            <param index="0">
              <value>
                <![CDATA[org.testng.TestRunner@22251bc6]]>
              </value>
            </param>
          </params>
          <reporter-output>
          </reporter-output>
        </test-method> <!-- setUpClass -->
        <test-method signature="runScenario(io.cucumber.testng.PickleWrapper,io.cucumber.testng.FeatureWrapper)[pri:0, instance:runner.TestRunner@38604b81]" started-at="2023-12-06T12:59:35 EST" name="runScenario" description="Runs Cucumber Scenarios" data-provider="scenarios" finished-at="2023-12-06T12:59:37 EST" duration-ms="1884" status="PASS">
          <params>
            <param index="0">
              <value>
                <![CDATA["User launch home page of an dsalgo project"]]>
              </value>
            </param>
            <param index="1">
              <value>
                <![CDATA["User launch dsalgo application and test Home page"]]>
              </value>
            </param>
          </params>
          <reporter-output>
          </reporter-output>
        </test-method> <!-- runScenario -->
        <test-method signature="runScenario(io.cucumber.testng.PickleWrapper,io.cucumber.testng.FeatureWrapper)[pri:0, instance:runner.TestRunner@38604b81]" started-at="2023-12-06T12:59:37 EST" name="runScenario" description="Runs Cucumber Scenarios" data-provider="scenarios" finished-at="2023-12-06T12:59:37 EST" duration-ms="702" status="PASS">
          <params>
            <param index="0">
              <value>
                <![CDATA["User is on Home page and click getstarted link "Datastructures" on home page without sign in"]]>
              </value>
            </param>
            <param index="1">
              <value>
                <![CDATA["User launch dsalgo application and test Home page"]]>
              </value>
            </param>
          </params>
          <reporter-output>
          </reporter-output>
        </test-method> <!-- runScenario -->
        <test-method signature="runScenario(io.cucumber.testng.PickleWrapper,io.cucumber.testng.FeatureWrapper)[pri:0, instance:runner.TestRunner@38604b81]" started-at="2023-12-06T12:59:37 EST" name="runScenario" description="Runs Cucumber Scenarios" data-provider="scenarios" finished-at="2023-12-06T12:59:38 EST" duration-ms="744" status="PASS">
          <params>
            <param index="0">
              <value>
                <![CDATA["User is on Home page and click getstarted link "Arrays" on home page without sign in"]]>
              </value>
            </param>
            <param index="1">
              <value>
                <![CDATA["User launch dsalgo application and test Home page"]]>
              </value>
            </param>
          </params>
          <reporter-output>
          </reporter-output>
        </test-method> <!-- runScenario -->
        <test-method signature="runScenario(io.cucumber.testng.PickleWrapper,io.cucumber.testng.FeatureWrapper)[pri:0, instance:runner.TestRunner@38604b81]" started-at="2023-12-06T12:59:38 EST" name="runScenario" description="Runs Cucumber Scenarios" data-provider="scenarios" finished-at="2023-12-06T12:59:39 EST" duration-ms="576" status="PASS">
          <params>
            <param index="0">
              <value>
                <![CDATA["User is on Home page and click getstarted link "Linkedlist" on home page without sign in"]]>
              </value>
            </param>
            <param index="1">
              <value>
                <![CDATA["User launch dsalgo application and test Home page"]]>
              </value>
            </param>
          </params>
          <reporter-output>
          </reporter-output>
        </test-method> <!-- runScenario -->
        <test-method signature="runScenario(io.cucumber.testng.PickleWrapper,io.cucumber.testng.FeatureWrapper)[pri:0, instance:runner.TestRunner@38604b81]" started-at="2023-12-06T12:59:39 EST" name="runScenario" description="Runs Cucumber Scenarios" data-provider="scenarios" finished-at="2023-12-06T12:59:39 EST" duration-ms="609" status="PASS">
          <params>
            <param index="0">
              <value>
                <![CDATA["User is on Home page and click getstarted link "Stack" on home page without sign in"]]>
              </value>
            </param>
            <param index="1">
              <value>
                <![CDATA["User launch dsalgo application and test Home page"]]>
              </value>
            </param>
          </params>
          <reporter-output>
          </reporter-output>
        </test-method> <!-- runScenario -->
        <test-method signature="runScenario(io.cucumber.testng.PickleWrapper,io.cucumber.testng.FeatureWrapper)[pri:0, instance:runner.TestRunner@38604b81]" started-at="2023-12-06T12:59:39 EST" name="runScenario" description="Runs Cucumber Scenarios" data-provider="scenarios" finished-at="2023-12-06T12:59:40 EST" duration-ms="653" status="PASS">
          <params>
            <param index="0">
              <value>
                <![CDATA["User is on Home page and click getstarted link "Queue" on home page without sign in"]]>
              </value>
            </param>
            <param index="1">
              <value>
                <![CDATA["User launch dsalgo application and test Home page"]]>
              </value>
            </param>
          </params>
          <reporter-output>
          </reporter-output>
        </test-method> <!-- runScenario -->
        <test-method signature="runScenario(io.cucumber.testng.PickleWrapper,io.cucumber.testng.FeatureWrapper)[pri:0, instance:runner.TestRunner@38604b81]" started-at="2023-12-06T12:59:40 EST" name="runScenario" description="Runs Cucumber Scenarios" data-provider="scenarios" finished-at="2023-12-06T12:59:41 EST" duration-ms="624" status="PASS">
          <params>
            <param index="0">
              <value>
                <![CDATA["User is on Home page and click getstarted link "Tree" on home page without sign in"]]>
              </value>
            </param>
            <param index="1">
              <value>
                <![CDATA["User launch dsalgo application and test Home page"]]>
              </value>
            </param>
          </params>
          <reporter-output>
          </reporter-output>
        </test-method> <!-- runScenario -->
        <test-method signature="runScenario(io.cucumber.testng.PickleWrapper,io.cucumber.testng.FeatureWrapper)[pri:0, instance:runner.TestRunner@38604b81]" started-at="2023-12-06T12:59:41 EST" name="runScenario" description="Runs Cucumber Scenarios" data-provider="scenarios" finished-at="2023-12-06T12:59:41 EST" duration-ms="525" status="PASS">
          <params>
            <param index="0">
              <value>
                <![CDATA["User is on Home page and click getstarted link "Graph" on home page without sign in"]]>
              </value>
            </param>
            <param index="1">
              <value>
                <![CDATA["User launch dsalgo application and test Home page"]]>
              </value>
            </param>
          </params>
          <reporter-output>
          </reporter-output>
        </test-method> <!-- runScenario -->
        <test-method signature="runScenario(io.cucumber.testng.PickleWrapper,io.cucumber.testng.FeatureWrapper)[pri:0, instance:runner.TestRunner@38604b81]" started-at="2023-12-06T12:59:41 EST" name="runScenario" description="Runs Cucumber Scenarios" data-provider="scenarios" finished-at="2023-12-06T12:59:42 EST" duration-ms="598" status="PASS">
          <params>
            <param index="0">
              <value>
                <![CDATA["User is on Home page and click on dropdown "Arrays" without sign in"]]>
              </value>
            </param>
            <param index="1">
              <value>
                <![CDATA["User launch dsalgo application and test Home page"]]>
              </value>
            </param>
          </params>
          <reporter-output>
          </reporter-output>
        </test-method> <!-- runScenario -->
        <test-method signature="runScenario(io.cucumber.testng.PickleWrapper,io.cucumber.testng.FeatureWrapper)[pri:0, instance:runner.TestRunner@38604b81]" started-at="2023-12-06T12:59:42 EST" name="runScenario" description="Runs Cucumber Scenarios" data-provider="scenarios" finished-at="2023-12-06T12:59:42 EST" duration-ms="563" status="PASS">
          <params>
            <param index="0">
              <value>
                <![CDATA["User is on Home page and click on dropdown "Linkedlist" without sign in"]]>
              </value>
            </param>
            <param index="1">
              <value>
                <![CDATA["User launch dsalgo application and test Home page"]]>
              </value>
            </param>
          </params>
          <reporter-output>
          </reporter-output>
        </test-method> <!-- runScenario -->
        <test-method signature="runScenario(io.cucumber.testng.PickleWrapper,io.cucumber.testng.FeatureWrapper)[pri:0, instance:runner.TestRunner@38604b81]" started-at="2023-12-06T12:59:42 EST" name="runScenario" description="Runs Cucumber Scenarios" data-provider="scenarios" finished-at="2023-12-06T12:59:43 EST" duration-ms="541" status="PASS">
          <params>
            <param index="0">
              <value>
                <![CDATA["User is on Home page and click on dropdown "Stack" without sign in"]]>
              </value>
            </param>
            <param index="1">
              <value>
                <![CDATA["User launch dsalgo application and test Home page"]]>
              </value>
            </param>
          </params>
          <reporter-output>
          </reporter-output>
        </test-method> <!-- runScenario -->
        <test-method signature="runScenario(io.cucumber.testng.PickleWrapper,io.cucumber.testng.FeatureWrapper)[pri:0, instance:runner.TestRunner@38604b81]" started-at="2023-12-06T12:59:43 EST" name="runScenario" description="Runs Cucumber Scenarios" data-provider="scenarios" finished-at="2023-12-06T12:59:44 EST" duration-ms="590" status="PASS">
          <params>
            <param index="0">
              <value>
                <![CDATA["User is on Home page and click on dropdown "Queue" without sign in"]]>
              </value>
            </param>
            <param index="1">
              <value>
                <![CDATA["User launch dsalgo application and test Home page"]]>
              </value>
            </param>
          </params>
          <reporter-output>
          </reporter-output>
        </test-method> <!-- runScenario -->
        <test-method signature="runScenario(io.cucumber.testng.PickleWrapper,io.cucumber.testng.FeatureWrapper)[pri:0, instance:runner.TestRunner@38604b81]" started-at="2023-12-06T12:59:44 EST" name="runScenario" description="Runs Cucumber Scenarios" data-provider="scenarios" finished-at="2023-12-06T12:59:44 EST" duration-ms="604" status="PASS">
          <params>
            <param index="0">
              <value>
                <![CDATA["User is on Home page and click on dropdown "Tree" without sign in"]]>
              </value>
            </param>
            <param index="1">
              <value>
                <![CDATA["User launch dsalgo application and test Home page"]]>
              </value>
            </param>
          </params>
          <reporter-output>
          </reporter-output>
        </test-method> <!-- runScenario -->
        <test-method signature="runScenario(io.cucumber.testng.PickleWrapper,io.cucumber.testng.FeatureWrapper)[pri:0, instance:runner.TestRunner@38604b81]" started-at="2023-12-06T12:59:44 EST" name="runScenario" description="Runs Cucumber Scenarios" data-provider="scenarios" finished-at="2023-12-06T12:59:45 EST" duration-ms="562" status="PASS">
          <params>
            <param index="0">
              <value>
                <![CDATA["User is on Home page and click on dropdown "Graph" without sign in"]]>
              </value>
            </param>
            <param index="1">
              <value>
                <![CDATA["User launch dsalgo application and test Home page"]]>
              </value>
            </param>
          </params>
          <reporter-output>
          </reporter-output>
        </test-method> <!-- runScenario -->
        <test-method signature="runScenario(io.cucumber.testng.PickleWrapper,io.cucumber.testng.FeatureWrapper)[pri:0, instance:runner.TestRunner@38604b81]" started-at="2023-12-06T12:59:45 EST" name="runScenario" description="Runs Cucumber Scenarios" data-provider="scenarios" finished-at="2023-12-06T12:59:45 EST" duration-ms="446" status="PASS">
          <params>
            <param index="0">
              <value>
                <![CDATA["User is on Home page and click on sign in"]]>
              </value>
            </param>
            <param index="1">
              <value>
                <![CDATA["User launch dsalgo application and test Home page"]]>
              </value>
            </param>
          </params>
          <reporter-output>
          </reporter-output>
        </test-method> <!-- runScenario -->
        <test-method signature="runScenario(io.cucumber.testng.PickleWrapper,io.cucumber.testng.FeatureWrapper)[pri:0, instance:runner.TestRunner@38604b81]" started-at="2023-12-06T12:59:45 EST" name="runScenario" description="Runs Cucumber Scenarios" data-provider="scenarios" finished-at="2023-12-06T12:59:46 EST" duration-ms="647" status="PASS">
          <params>
            <param index="0">
              <value>
                <![CDATA["User is on Home page and click on Register"]]>
              </value>
            </param>
            <param index="1">
              <value>
                <![CDATA["User launch dsalgo application and test Home page"]]>
              </value>
            </param>
          </params>
          <reporter-output>
          </reporter-output>
        </test-method> <!-- runScenario -->
        <test-method signature="runScenario(io.cucumber.testng.PickleWrapper,io.cucumber.testng.FeatureWrapper)[pri:0, instance:runner.TestRunner@38604b81]" started-at="2023-12-06T12:59:46 EST" name="runScenario" description="Runs Cucumber Scenarios" data-provider="scenarios" finished-at="2023-12-06T12:59:47 EST" duration-ms="1369" status="PASS">
          <params>
            <param index="0">
              <value>
                <![CDATA["DS Algo Portal"]]>
              </value>
            </param>
            <param index="1">
              <value>
                <![CDATA["HerokuApp Testcases"]]>
              </value>
            </param>
          </params>
          <reporter-output>
          </reporter-output>
        </test-method> <!-- runScenario -->
        <test-method signature="runScenario(io.cucumber.testng.PickleWrapper,io.cucumber.testng.FeatureWrapper)[pri:0, instance:runner.TestRunner@38604b81]" started-at="2023-12-06T12:59:47 EST" name="runScenario" description="Runs Cucumber Scenarios" data-provider="scenarios" finished-at="2023-12-06T12:59:49 EST" duration-ms="1801" status="PASS">
          <params>
            <param index="0">
              <value>
                <![CDATA["user enter username only"]]>
              </value>
            </param>
            <param index="1">
              <value>
                <![CDATA["HerokuApp Testcases"]]>
              </value>
            </param>
          </params>
          <reporter-output>
          </reporter-output>
        </test-method> <!-- runScenario -->
        <test-method signature="runScenario(io.cucumber.testng.PickleWrapper,io.cucumber.testng.FeatureWrapper)[pri:0, instance:runner.TestRunner@38604b81]" started-at="2023-12-06T12:59:49 EST" name="runScenario" description="Runs Cucumber Scenarios" data-provider="scenarios" finished-at="2023-12-06T12:59:50 EST" duration-ms="1476" status="PASS">
          <params>
            <param index="0">
              <value>
                <![CDATA["user send username and password only"]]>
              </value>
            </param>
            <param index="1">
              <value>
                <![CDATA["HerokuApp Testcases"]]>
              </value>
            </param>
          </params>
          <reporter-output>
          </reporter-output>
        </test-method> <!-- runScenario -->
        <test-method signature="runScenario(io.cucumber.testng.PickleWrapper,io.cucumber.testng.FeatureWrapper)[pri:0, instance:runner.TestRunner@38604b81]" started-at="2023-12-06T12:59:50 EST" name="runScenario" description="Runs Cucumber Scenarios" data-provider="scenarios" finished-at="2023-12-06T12:59:52 EST" duration-ms="1628" status="PASS">
          <params>
            <param index="0">
              <value>
                <![CDATA["user enter username and two different password"]]>
              </value>
            </param>
            <param index="1">
              <value>
                <![CDATA["HerokuApp Testcases"]]>
              </value>
            </param>
          </params>
          <reporter-output>
          </reporter-output>
        </test-method> <!-- runScenario -->
        <test-method signature="runScenario(io.cucumber.testng.PickleWrapper,io.cucumber.testng.FeatureWrapper)[pri:0, instance:runner.TestRunner@38604b81]" started-at="2023-12-06T12:59:52 EST" name="runScenario" description="Runs Cucumber Scenarios" data-provider="scenarios" finished-at="2023-12-06T12:59:53 EST" duration-ms="1334" status="PASS">
          <params>
            <param index="0">
              <value>
                <![CDATA["user cliks register button with password less than eight character"]]>
              </value>
            </param>
            <param index="1">
              <value>
                <![CDATA["HerokuApp Testcases"]]>
              </value>
            </param>
          </params>
          <reporter-output>
          </reporter-output>
        </test-method> <!-- runScenario -->
        <test-method signature="runScenario(io.cucumber.testng.PickleWrapper,io.cucumber.testng.FeatureWrapper)[pri:0, instance:runner.TestRunner@38604b81]" started-at="2023-12-06T12:59:53 EST" name="runScenario" description="Runs Cucumber Scenarios" data-provider="scenarios" finished-at="2023-12-06T12:59:56 EST" duration-ms="2113" status="PASS">
          <params>
            <param index="0">
              <value>
                <![CDATA["User on login page and login with invalid and valid inputs from Excel "Sheet1" and"]]>
              </value>
            </param>
            <param index="1">
              <value>
                <![CDATA["Validating Login page"]]>
              </value>
            </param>
          </params>
          <reporter-output>
          </reporter-output>
        </test-method> <!-- runScenario -->
        <test-method signature="runScenario(io.cucumber.testng.PickleWrapper,io.cucumber.testng.FeatureWrapper)[pri:0, instance:runner.TestRunner@38604b81]" started-at="2023-12-06T12:59:56 EST" name="runScenario" description="Runs Cucumber Scenarios" data-provider="scenarios" finished-at="2023-12-06T12:59:57 EST" duration-ms="1048" status="PASS">
          <params>
            <param index="0">
              <value>
                <![CDATA["User on login page and login with invalid and valid inputs from Excel "Sheet1" and"]]>
              </value>
            </param>
            <param index="1">
              <value>
                <![CDATA["Validating Login page"]]>
              </value>
            </param>
          </params>
          <reporter-output>
          </reporter-output>
        </test-method> <!-- runScenario -->
        <test-method signature="runScenario(io.cucumber.testng.PickleWrapper,io.cucumber.testng.FeatureWrapper)[pri:0, instance:runner.TestRunner@38604b81]" started-at="2023-12-06T12:59:57 EST" name="runScenario" description="Runs Cucumber Scenarios" data-provider="scenarios" finished-at="2023-12-06T12:59:58 EST" duration-ms="1241" status="PASS">
          <params>
            <param index="0">
              <value>
                <![CDATA["User on login page and login with invalid and valid inputs from Excel "Sheet1" and"]]>
              </value>
            </param>
            <param index="1">
              <value>
                <![CDATA["Validating Login page"]]>
              </value>
            </param>
          </params>
          <reporter-output>
          </reporter-output>
        </test-method> <!-- runScenario -->
        <test-method signature="runScenario(io.cucumber.testng.PickleWrapper,io.cucumber.testng.FeatureWrapper)[pri:0, instance:runner.TestRunner@38604b81]" started-at="2023-12-06T12:59:58 EST" name="runScenario" description="Runs Cucumber Scenarios" data-provider="scenarios" finished-at="2023-12-06T12:59:59 EST" duration-ms="1120" status="PASS">
          <params>
            <param index="0">
              <value>
                <![CDATA["User on login page and login with invalid and valid inputs from Excel "Sheet1" and"]]>
              </value>
            </param>
            <param index="1">
              <value>
                <![CDATA["Validating Login page"]]>
              </value>
            </param>
          </params>
          <reporter-output>
          </reporter-output>
        </test-method> <!-- runScenario -->
        <test-method signature="runScenario(io.cucumber.testng.PickleWrapper,io.cucumber.testng.FeatureWrapper)[pri:0, instance:runner.TestRunner@38604b81]" started-at="2023-12-06T12:59:59 EST" name="runScenario" description="Runs Cucumber Scenarios" data-provider="scenarios" finished-at="2023-12-06T12:59:59 EST" duration-ms="20" status="PASS">
          <params>
            <param index="0">
              <value>
                <![CDATA["Data structure"]]>
              </value>
            </param>
            <param index="1">
              <value>
                <![CDATA["Testing data structure Module"]]>
              </value>
            </param>
          </params>
          <reporter-output>
          </reporter-output>
        </test-method> <!-- runScenario -->
        <test-method signature="runScenario(io.cucumber.testng.PickleWrapper,io.cucumber.testng.FeatureWrapper)[pri:0, instance:runner.TestRunner@38604b81]" started-at="2023-12-06T12:59:59 EST" name="runScenario" description="Runs Cucumber Scenarios" data-provider="scenarios" finished-at="2023-12-06T13:00:03 EST" duration-ms="4011" status="PASS">
          <params>
            <param index="0">
              <value>
                <![CDATA["The user is logged in to DS Algo portal"]]>
              </value>
            </param>
            <param index="1">
              <value>
                <![CDATA["Testing data structure Module"]]>
              </value>
            </param>
          </params>
          <reporter-output>
          </reporter-output>
        </test-method> <!-- runScenario -->
        <test-method signature="runScenario(io.cucumber.testng.PickleWrapper,io.cucumber.testng.FeatureWrapper)[pri:0, instance:runner.TestRunner@38604b81]" started-at="2023-12-06T13:00:03 EST" name="runScenario" description="Runs Cucumber Scenarios" data-provider="scenarios" finished-at="2023-12-06T13:00:04 EST" duration-ms="743" status="PASS">
          <params>
            <param index="0">
              <value>
                <![CDATA["user is in data structure intro page"]]>
              </value>
            </param>
            <param index="1">
              <value>
                <![CDATA["Testing data structure Module"]]>
              </value>
            </param>
          </params>
          <reporter-output>
          </reporter-output>
        </test-method> <!-- runScenario -->
        <test-method signature="runScenario(io.cucumber.testng.PickleWrapper,io.cucumber.testng.FeatureWrapper)[pri:0, instance:runner.TestRunner@38604b81]" started-at="2023-12-06T13:00:04 EST" name="runScenario" description="Runs Cucumber Scenarios" data-provider="scenarios" finished-at="2023-12-06T13:00:05 EST" duration-ms="1311" status="PASS">
          <params>
            <param index="0">
              <value>
                <![CDATA["The user is logged in to DS Algo portal"]]>
              </value>
            </param>
            <param index="1">
              <value>
                <![CDATA["Array feature"]]>
              </value>
            </param>
          </params>
          <reporter-output>
          </reporter-output>
        </test-method> <!-- runScenario -->
        <test-method signature="runScenario(io.cucumber.testng.PickleWrapper,io.cucumber.testng.FeatureWrapper)[pri:0, instance:runner.TestRunner@38604b81]" started-at="2023-12-06T13:00:05 EST" name="runScenario" description="Runs Cucumber Scenarios" data-provider="scenarios" finished-at="2023-12-06T13:00:05 EST" duration-ms="386" status="PASS">
          <params>
            <param index="0">
              <value>
                <![CDATA["Select array DS with Get Started button or select array from dropdown"]]>
              </value>
            </param>
            <param index="1">
              <value>
                <![CDATA["Array feature"]]>
              </value>
            </param>
          </params>
          <reporter-output>
          </reporter-output>
        </test-method> <!-- runScenario -->
        <test-method signature="runScenario(io.cucumber.testng.PickleWrapper,io.cucumber.testng.FeatureWrapper)[pri:0, instance:runner.TestRunner@38604b81]" started-at="2023-12-06T13:00:05 EST" name="runScenario" description="Runs Cucumber Scenarios" data-provider="scenarios" finished-at="2023-12-06T13:00:07 EST" duration-ms="1713" status="PASS">
          <params>
            <param index="0">
              <value>
                <![CDATA["Arrays on Python page"]]>
              </value>
            </param>
            <param index="1">
              <value>
                <![CDATA["Array feature"]]>
              </value>
            </param>
          </params>
          <reporter-output>
          </reporter-output>
        </test-method> <!-- runScenario -->
        <test-method signature="runScenario(io.cucumber.testng.PickleWrapper,io.cucumber.testng.FeatureWrapper)[pri:0, instance:runner.TestRunner@38604b81]" started-at="2023-12-06T13:00:07 EST" name="runScenario" description="Runs Cucumber Scenarios" data-provider="scenarios" finished-at="2023-12-06T13:00:09 EST" duration-ms="1841" status="PASS">
          <params>
            <param index="0">
              <value>
                <![CDATA["Arrays Using List"]]>
              </value>
            </param>
            <param index="1">
              <value>
                <![CDATA["Array feature"]]>
              </value>
            </param>
          </params>
          <reporter-output>
          </reporter-output>
        </test-method> <!-- runScenario -->
        <test-method signature="runScenario(io.cucumber.testng.PickleWrapper,io.cucumber.testng.FeatureWrapper)[pri:0, instance:runner.TestRunner@38604b81]" started-at="2023-12-06T13:00:09 EST" name="runScenario" description="Runs Cucumber Scenarios" data-provider="scenarios" finished-at="2023-12-06T13:00:11 EST" duration-ms="1719" status="PASS">
          <params>
            <param index="0">
              <value>
                <![CDATA["Basic Operations In List"]]>
              </value>
            </param>
            <param index="1">
              <value>
                <![CDATA["Array feature"]]>
              </value>
            </param>
          </params>
          <reporter-output>
          </reporter-output>
        </test-method> <!-- runScenario -->
        <test-method signature="runScenario(io.cucumber.testng.PickleWrapper,io.cucumber.testng.FeatureWrapper)[pri:0, instance:runner.TestRunner@38604b81]" started-at="2023-12-06T13:00:11 EST" name="runScenario" description="Runs Cucumber Scenarios" data-provider="scenarios" finished-at="2023-12-06T13:00:12 EST" duration-ms="1645" status="PASS">
          <params>
            <param index="0">
              <value>
                <![CDATA["Applications of Array"]]>
              </value>
            </param>
            <param index="1">
              <value>
                <![CDATA["Array feature"]]>
              </value>
            </param>
          </params>
          <reporter-output>
          </reporter-output>
        </test-method> <!-- runScenario -->
        <test-method signature="runScenario(io.cucumber.testng.PickleWrapper,io.cucumber.testng.FeatureWrapper)[pri:0, instance:runner.TestRunner@38604b81]" started-at="2023-12-06T13:00:12 EST" name="runScenario" description="Runs Cucumber Scenarios" data-provider="scenarios" finished-at="2023-12-06T13:00:14 EST" duration-ms="1691" status="PASS">
          <params>
            <param index="0">
              <value>
                <![CDATA["Practice Questions to Search the Array link"]]>
              </value>
            </param>
            <param index="1">
              <value>
                <![CDATA["Array feature"]]>
              </value>
            </param>
          </params>
          <reporter-output>
          </reporter-output>
        </test-method> <!-- runScenario -->
        <test-method signature="runScenario(io.cucumber.testng.PickleWrapper,io.cucumber.testng.FeatureWrapper)[pri:0, instance:runner.TestRunner@38604b81]" started-at="2023-12-06T13:00:14 EST" name="runScenario" description="Runs Cucumber Scenarios" data-provider="scenarios" finished-at="2023-12-06T13:00:15 EST" duration-ms="1339" status="PASS">
          <params>
            <param index="0">
              <value>
                <![CDATA["Max Consecutive Ones page"]]>
              </value>
            </param>
            <param index="1">
              <value>
                <![CDATA["Array feature"]]>
              </value>
            </param>
          </params>
          <reporter-output>
          </reporter-output>
        </test-method> <!-- runScenario -->
        <test-method signature="runScenario(io.cucumber.testng.PickleWrapper,io.cucumber.testng.FeatureWrapper)[pri:0, instance:runner.TestRunner@38604b81]" started-at="2023-12-06T13:00:15 EST" name="runScenario" description="Runs Cucumber Scenarios" data-provider="scenarios" finished-at="2023-12-06T13:00:17 EST" duration-ms="1117" status="PASS">
          <params>
            <param index="0">
              <value>
                <![CDATA["Find Numbers with Even Number of Digits page"]]>
              </value>
            </param>
            <param index="1">
              <value>
                <![CDATA["Array feature"]]>
              </value>
            </param>
          </params>
          <reporter-output>
          </reporter-output>
        </test-method> <!-- runScenario -->
        <test-method signature="runScenario(io.cucumber.testng.PickleWrapper,io.cucumber.testng.FeatureWrapper)[pri:0, instance:runner.TestRunner@38604b81]" started-at="2023-12-06T13:00:17 EST" name="runScenario" description="Runs Cucumber Scenarios" data-provider="scenarios" finished-at="2023-12-06T13:00:18 EST" duration-ms="1613" status="PASS">
          <params>
            <param index="0">
              <value>
                <![CDATA["Squares of a Sorted Array page"]]>
              </value>
            </param>
            <param index="1">
              <value>
                <![CDATA["Array feature"]]>
              </value>
            </param>
          </params>
          <reporter-output>
          </reporter-output>
        </test-method> <!-- runScenario -->
        <test-method signature="runScenario(io.cucumber.testng.PickleWrapper,io.cucumber.testng.FeatureWrapper)[pri:0, instance:runner.TestRunner@38604b81]" started-at="2023-12-06T13:00:18 EST" name="runScenario" description="Runs Cucumber Scenarios" data-provider="scenarios" finished-at="2023-12-06T13:00:19 EST" duration-ms="1229" status="PASS">
          <params>
            <param index="0">
              <value>
                <![CDATA["The user is logged in to DS Algo portal"]]>
              </value>
            </param>
            <param index="1">
              <value>
                <![CDATA["Testing LinkedList page"]]>
              </value>
            </param>
          </params>
          <reporter-output>
          </reporter-output>
        </test-method> <!-- runScenario -->
        <test-method signature="runScenario(io.cucumber.testng.PickleWrapper,io.cucumber.testng.FeatureWrapper)[pri:0, instance:runner.TestRunner@38604b81]" started-at="2023-12-06T13:00:19 EST" name="runScenario" description="Runs Cucumber Scenarios" data-provider="scenarios" finished-at="2023-12-06T13:00:20 EST" duration-ms="429" status="PASS">
          <params>
            <param index="0">
              <value>
                <![CDATA["User navigated to "linked list" page"]]>
              </value>
            </param>
            <param index="1">
              <value>
                <![CDATA["Testing LinkedList page"]]>
              </value>
            </param>
          </params>
          <reporter-output>
          </reporter-output>
        </test-method> <!-- runScenario -->
        <test-method signature="runScenario(io.cucumber.testng.PickleWrapper,io.cucumber.testng.FeatureWrapper)[pri:0, instance:runner.TestRunner@38604b81]" started-at="2023-12-06T13:00:20 EST" name="runScenario" description="Runs Cucumber Scenarios" data-provider="scenarios" finished-at="2023-12-06T13:00:21 EST" duration-ms="1622" status="PASS">
          <params>
            <param index="0">
              <value>
                <![CDATA["User navigated to "Introduction" page"]]>
              </value>
            </param>
            <param index="1">
              <value>
                <![CDATA["Testing LinkedList page"]]>
              </value>
            </param>
          </params>
          <reporter-output>
          </reporter-output>
        </test-method> <!-- runScenario -->
        <test-method signature="runScenario(io.cucumber.testng.PickleWrapper,io.cucumber.testng.FeatureWrapper)[pri:0, instance:runner.TestRunner@38604b81]" started-at="2023-12-06T13:00:21 EST" name="runScenario" description="Runs Cucumber Scenarios" data-provider="scenarios" finished-at="2023-12-06T13:00:23 EST" duration-ms="1719" status="PASS">
          <params>
            <param index="0">
              <value>
                <![CDATA["User navigated to "linked list" page"]]>
              </value>
            </param>
            <param index="1">
              <value>
                <![CDATA["Testing LinkedList page"]]>
              </value>
            </param>
          </params>
          <reporter-output>
          </reporter-output>
        </test-method> <!-- runScenario -->
        <test-method signature="runScenario(io.cucumber.testng.PickleWrapper,io.cucumber.testng.FeatureWrapper)[pri:0, instance:runner.TestRunner@38604b81]" started-at="2023-12-06T13:00:23 EST" name="runScenario" description="Runs Cucumber Scenarios" data-provider="scenarios" finished-at="2023-12-06T13:00:25 EST" duration-ms="1985" status="PASS">
          <params>
            <param index="0">
              <value>
                <![CDATA["User navigated to "linked list" page"]]>
              </value>
            </param>
            <param index="1">
              <value>
                <![CDATA["Testing LinkedList page"]]>
              </value>
            </param>
          </params>
          <reporter-output>
          </reporter-output>
        </test-method> <!-- runScenario -->
        <test-method signature="runScenario(io.cucumber.testng.PickleWrapper,io.cucumber.testng.FeatureWrapper)[pri:0, instance:runner.TestRunner@38604b81]" started-at="2023-12-06T13:00:25 EST" name="runScenario" description="Runs Cucumber Scenarios" data-provider="scenarios" finished-at="2023-12-06T13:00:27 EST" duration-ms="1839" status="PASS">
          <params>
            <param index="0">
              <value>
                <![CDATA["user navigated to " linked list" page"]]>
              </value>
            </param>
            <param index="1">
              <value>
                <![CDATA["Testing LinkedList page"]]>
              </value>
            </param>
          </params>
          <reporter-output>
          </reporter-output>
        </test-method> <!-- runScenario -->
        <test-method signature="runScenario(io.cucumber.testng.PickleWrapper,io.cucumber.testng.FeatureWrapper)[pri:0, instance:runner.TestRunner@38604b81]" started-at="2023-12-06T13:00:27 EST" name="runScenario" description="Runs Cucumber Scenarios" data-provider="scenarios" finished-at="2023-12-06T13:00:29 EST" duration-ms="1914" status="PASS">
          <params>
            <param index="0">
              <value>
                <![CDATA["user navigated to "linked list" page"]]>
              </value>
            </param>
            <param index="1">
              <value>
                <![CDATA["Testing LinkedList page"]]>
              </value>
            </param>
          </params>
          <reporter-output>
          </reporter-output>
        </test-method> <!-- runScenario -->
        <test-method signature="runScenario(io.cucumber.testng.PickleWrapper,io.cucumber.testng.FeatureWrapper)[pri:0, instance:runner.TestRunner@38604b81]" started-at="2023-12-06T13:00:29 EST" name="runScenario" description="Runs Cucumber Scenarios" data-provider="scenarios" finished-at="2023-12-06T13:00:31 EST" duration-ms="1862" status="PASS">
          <params>
            <param index="0">
              <value>
                <![CDATA["user navigated to "linked list" page"]]>
              </value>
            </param>
            <param index="1">
              <value>
                <![CDATA["Testing LinkedList page"]]>
              </value>
            </param>
          </params>
          <reporter-output>
          </reporter-output>
        </test-method> <!-- runScenario -->
        <test-method signature="runScenario(io.cucumber.testng.PickleWrapper,io.cucumber.testng.FeatureWrapper)[pri:0, instance:runner.TestRunner@38604b81]" started-at="2023-12-06T13:00:31 EST" name="runScenario" description="Runs Cucumber Scenarios" data-provider="scenarios" finished-at="2023-12-06T13:00:33 EST" duration-ms="1964" status="PASS">
          <params>
            <param index="0">
              <value>
                <![CDATA["user navigated to "linked list" page"]]>
              </value>
            </param>
            <param index="1">
              <value>
                <![CDATA["Testing LinkedList page"]]>
              </value>
            </param>
          </params>
          <reporter-output>
          </reporter-output>
        </test-method> <!-- runScenario -->
        <test-method signature="runScenario(io.cucumber.testng.PickleWrapper,io.cucumber.testng.FeatureWrapper)[pri:0, instance:runner.TestRunner@38604b81]" started-at="2023-12-06T13:00:33 EST" name="runScenario" description="Runs Cucumber Scenarios" data-provider="scenarios" finished-at="2023-12-06T13:00:34 EST" duration-ms="931" status="PASS">
          <params>
            <param index="0">
              <value>
                <![CDATA["The user validating "Practice Questions" page"]]>
              </value>
            </param>
            <param index="1">
              <value>
                <![CDATA["Testing LinkedList page"]]>
              </value>
            </param>
          </params>
          <reporter-output>
          </reporter-output>
        </test-method> <!-- runScenario -->
        <test-method signature="runScenario(io.cucumber.testng.PickleWrapper,io.cucumber.testng.FeatureWrapper)[pri:0, instance:runner.TestRunner@38604b81]" started-at="2023-12-06T13:00:34 EST" name="runScenario" description="Runs Cucumber Scenarios" data-provider="scenarios" finished-at="2023-12-06T13:00:34 EST" duration-ms="39" status="PASS">
          <params>
            <param index="0">
              <value>
                <![CDATA["signin Module"]]>
              </value>
            </param>
            <param index="1">
              <value>
                <![CDATA["Testing Stack Module"]]>
              </value>
            </param>
          </params>
          <reporter-output>
          </reporter-output>
        </test-method> <!-- runScenario -->
        <test-method signature="runScenario(io.cucumber.testng.PickleWrapper,io.cucumber.testng.FeatureWrapper)[pri:0, instance:runner.TestRunner@38604b81]" started-at="2023-12-06T13:00:34 EST" name="runScenario" description="Runs Cucumber Scenarios" data-provider="scenarios" finished-at="2023-12-06T13:00:35 EST" duration-ms="1608" status="PASS">
          <params>
            <param index="0">
              <value>
                <![CDATA["The user is logged in to DS Algo portal"]]>
              </value>
            </param>
            <param index="1">
              <value>
                <![CDATA["Testing Stack Module"]]>
              </value>
            </param>
          </params>
          <reporter-output>
          </reporter-output>
        </test-method> <!-- runScenario -->
        <test-method signature="runScenario(io.cucumber.testng.PickleWrapper,io.cucumber.testng.FeatureWrapper)[pri:0, instance:runner.TestRunner@38604b81]" started-at="2023-12-06T13:00:35 EST" name="runScenario" description="Runs Cucumber Scenarios" data-provider="scenarios" finished-at="2023-12-06T13:00:38 EST" duration-ms="2539" status="PASS">
          <params>
            <param index="0">
              <value>
                <![CDATA["stack module"]]>
              </value>
            </param>
            <param index="1">
              <value>
                <![CDATA["Testing Stack Module"]]>
              </value>
            </param>
          </params>
          <reporter-output>
          </reporter-output>
        </test-method> <!-- runScenario -->
        <test-method signature="runScenario(io.cucumber.testng.PickleWrapper,io.cucumber.testng.FeatureWrapper)[pri:0, instance:runner.TestRunner@38604b81]" started-at="2023-12-06T13:00:38 EST" name="runScenario" description="Runs Cucumber Scenarios" data-provider="scenarios" finished-at="2023-12-06T13:00:40 EST" duration-ms="1890" status="PASS">
          <params>
            <param index="0">
              <value>
                <![CDATA["user on Implementation page"]]>
              </value>
            </param>
            <param index="1">
              <value>
                <![CDATA["Testing Stack Module"]]>
              </value>
            </param>
          </params>
          <reporter-output>
          </reporter-output>
        </test-method> <!-- runScenario -->
        <test-method signature="runScenario(io.cucumber.testng.PickleWrapper,io.cucumber.testng.FeatureWrapper)[pri:0, instance:runner.TestRunner@38604b81]" started-at="2023-12-06T13:00:40 EST" name="runScenario" description="Runs Cucumber Scenarios" data-provider="scenarios" finished-at="2023-12-06T13:00:42 EST" duration-ms="1799" status="PASS">
          <params>
            <param index="0">
              <value>
                <![CDATA["user is on Application page"]]>
              </value>
            </param>
            <param index="1">
              <value>
                <![CDATA["Testing Stack Module"]]>
              </value>
            </param>
          </params>
          <reporter-output>
          </reporter-output>
        </test-method> <!-- runScenario -->
        <test-method signature="runScenario(io.cucumber.testng.PickleWrapper,io.cucumber.testng.FeatureWrapper)[pri:0, instance:runner.TestRunner@38604b81]" started-at="2023-12-06T13:00:42 EST" name="runScenario" description="Runs Cucumber Scenarios" data-provider="scenarios" finished-at="2023-12-06T13:00:43 EST" duration-ms="1044" status="PASS">
          <params>
            <param index="0">
              <value>
                <![CDATA["The user validating "Practice Questions" page"]]>
              </value>
            </param>
            <param index="1">
              <value>
                <![CDATA["Testing Stack Module"]]>
              </value>
            </param>
          </params>
          <reporter-output>
          </reporter-output>
        </test-method> <!-- runScenario -->
        <test-method signature="runScenario(io.cucumber.testng.PickleWrapper,io.cucumber.testng.FeatureWrapper)[pri:0, instance:runner.TestRunner@38604b81]" started-at="2023-12-06T13:00:43 EST" name="runScenario" description="Runs Cucumber Scenarios" data-provider="scenarios" finished-at="2023-12-06T13:00:44 EST" duration-ms="1298" status="PASS">
          <params>
            <param index="0">
              <value>
                <![CDATA["The user is logged in to DS Algo portal"]]>
              </value>
            </param>
            <param index="1">
              <value>
                <![CDATA["Queue feature"]]>
              </value>
            </param>
          </params>
          <reporter-output>
          </reporter-output>
        </test-method> <!-- runScenario -->
        <test-method signature="runScenario(io.cucumber.testng.PickleWrapper,io.cucumber.testng.FeatureWrapper)[pri:0, instance:runner.TestRunner@38604b81]" started-at="2023-12-06T13:00:44 EST" name="runScenario" description="Runs Cucumber Scenarios" data-provider="scenarios" finished-at="2023-12-06T13:00:45 EST" duration-ms="637" status="PASS">
          <params>
            <param index="0">
              <value>
                <![CDATA["Queue module"]]>
              </value>
            </param>
            <param index="1">
              <value>
                <![CDATA["Queue feature"]]>
              </value>
            </param>
          </params>
          <reporter-output>
          </reporter-output>
        </test-method> <!-- runScenario -->
        <test-method signature="runScenario(io.cucumber.testng.PickleWrapper,io.cucumber.testng.FeatureWrapper)[pri:0, instance:runner.TestRunner@38604b81]" started-at="2023-12-06T13:00:45 EST" name="runScenario" description="Runs Cucumber Scenarios" data-provider="scenarios" finished-at="2023-12-06T13:00:46 EST" duration-ms="1351" status="PASS">
          <params>
            <param index="0">
              <value>
                <![CDATA["Trying the python code"]]>
              </value>
            </param>
            <param index="1">
              <value>
                <![CDATA["Queue feature"]]>
              </value>
            </param>
          </params>
          <reporter-output>
          </reporter-output>
        </test-method> <!-- runScenario -->
        <test-method signature="runScenario(io.cucumber.testng.PickleWrapper,io.cucumber.testng.FeatureWrapper)[pri:0, instance:runner.TestRunner@38604b81]" started-at="2023-12-06T13:00:46 EST" name="runScenario" description="Runs Cucumber Scenarios" data-provider="scenarios" finished-at="2023-12-06T13:00:48 EST" duration-ms="1795" status="PASS">
          <params>
            <param index="0">
              <value>
                <![CDATA["Implementation using collections"]]>
              </value>
            </param>
            <param index="1">
              <value>
                <![CDATA["Queue feature"]]>
              </value>
            </param>
          </params>
          <reporter-output>
          </reporter-output>
        </test-method> <!-- runScenario -->
        <test-method signature="runScenario(io.cucumber.testng.PickleWrapper,io.cucumber.testng.FeatureWrapper)[pri:0, instance:runner.TestRunner@38604b81]" started-at="2023-12-06T13:00:48 EST" name="runScenario" description="Runs Cucumber Scenarios" data-provider="scenarios" finished-at="2023-12-06T13:00:50 EST" duration-ms="1757" status="PASS">
          <params>
            <param index="0">
              <value>
                <![CDATA["Implementation using array"]]>
              </value>
            </param>
            <param index="1">
              <value>
                <![CDATA["Queue feature"]]>
              </value>
            </param>
          </params>
          <reporter-output>
          </reporter-output>
        </test-method> <!-- runScenario -->
        <test-method signature="runScenario(io.cucumber.testng.PickleWrapper,io.cucumber.testng.FeatureWrapper)[pri:0, instance:runner.TestRunner@38604b81]" started-at="2023-12-06T13:00:50 EST" name="runScenario" description="Runs Cucumber Scenarios" data-provider="scenarios" finished-at="2023-12-06T13:00:51 EST" duration-ms="1677" status="PASS">
          <params>
            <param index="0">
              <value>
                <![CDATA["Queue Operations"]]>
              </value>
            </param>
            <param index="1">
              <value>
                <![CDATA["Queue feature"]]>
              </value>
            </param>
          </params>
          <reporter-output>
          </reporter-output>
        </test-method> <!-- runScenario -->
        <test-method signature="runScenario(io.cucumber.testng.PickleWrapper,io.cucumber.testng.FeatureWrapper)[pri:0, instance:runner.TestRunner@38604b81]" started-at="2023-12-06T13:00:51 EST" name="runScenario" description="Runs Cucumber Scenarios" data-provider="scenarios" finished-at="2023-12-06T13:00:52 EST" duration-ms="730" status="PASS">
          <params>
            <param index="0">
              <value>
                <![CDATA["Practice Questions"]]>
              </value>
            </param>
            <param index="1">
              <value>
                <![CDATA["Queue feature"]]>
              </value>
            </param>
          </params>
          <reporter-output>
          </reporter-output>
        </test-method> <!-- runScenario -->
        <test-method signature="runScenario(io.cucumber.testng.PickleWrapper,io.cucumber.testng.FeatureWrapper)[pri:0, instance:runner.TestRunner@38604b81]" started-at="2023-12-06T13:00:52 EST" name="runScenario" description="Runs Cucumber Scenarios" data-provider="scenarios" finished-at="2023-12-06T13:00:53 EST" duration-ms="1345" status="PASS">
          <params>
            <param index="0">
              <value>
                <![CDATA["The user is logged in to DS Algo portal"]]>
              </value>
            </param>
            <param index="1">
              <value>
                <![CDATA["Testing tree page on DSalgo aplliction"]]>
              </value>
            </param>
          </params>
          <reporter-output>
          </reporter-output>
        </test-method> <!-- runScenario -->
        <test-method signature="runScenario(io.cucumber.testng.PickleWrapper,io.cucumber.testng.FeatureWrapper)[pri:0, instance:runner.TestRunner@38604b81]" started-at="2023-12-06T13:00:53 EST" name="runScenario" description="Runs Cucumber Scenarios" data-provider="scenarios" finished-at="2023-12-06T13:00:54 EST" duration-ms="623" status="PASS">
          <params>
            <param index="0">
              <value>
                <![CDATA["User navigated to "tree" page"]]>
              </value>
            </param>
            <param index="1">
              <value>
                <![CDATA["Testing tree page on DSalgo aplliction"]]>
              </value>
            </param>
          </params>
          <reporter-output>
          </reporter-output>
        </test-method> <!-- runScenario -->
        <test-method signature="runScenario(io.cucumber.testng.PickleWrapper,io.cucumber.testng.FeatureWrapper)[pri:0, instance:runner.TestRunner@38604b81]" started-at="2023-12-06T13:00:54 EST" name="runScenario" description="Runs Cucumber Scenarios" data-provider="scenarios" finished-at="2023-12-06T13:00:56 EST" duration-ms="1873" status="PASS">
          <params>
            <param index="0">
              <value>
                <![CDATA["The user is able to navigate to Overview of Trees page"]]>
              </value>
            </param>
            <param index="1">
              <value>
                <![CDATA["Testing tree page on DSalgo aplliction"]]>
              </value>
            </param>
          </params>
          <reporter-output>
          </reporter-output>
        </test-method> <!-- runScenario -->
        <test-method signature="runScenario(io.cucumber.testng.PickleWrapper,io.cucumber.testng.FeatureWrapper)[pri:0, instance:runner.TestRunner@38604b81]" started-at="2023-12-06T13:00:56 EST" name="runScenario" description="Runs Cucumber Scenarios" data-provider="scenarios" finished-at="2023-12-06T13:00:58 EST" duration-ms="1817" status="PASS">
          <params>
            <param index="0">
              <value>
                <![CDATA["user is able to navigate to Terminologies Page"]]>
              </value>
            </param>
            <param index="1">
              <value>
                <![CDATA["Testing tree page on DSalgo aplliction"]]>
              </value>
            </param>
          </params>
          <reporter-output>
          </reporter-output>
        </test-method> <!-- runScenario -->
        <test-method signature="runScenario(io.cucumber.testng.PickleWrapper,io.cucumber.testng.FeatureWrapper)[pri:0, instance:runner.TestRunner@38604b81]" started-at="2023-12-06T13:00:58 EST" name="runScenario" description="Runs Cucumber Scenarios" data-provider="scenarios" finished-at="2023-12-06T13:00:59 EST" duration-ms="1866" status="PASS">
          <params>
            <param index="0">
              <value>
                <![CDATA["The user is able to navigate to Types of Trees Page"]]>
              </value>
            </param>
            <param index="1">
              <value>
                <![CDATA["Testing tree page on DSalgo aplliction"]]>
              </value>
            </param>
          </params>
          <reporter-output>
          </reporter-output>
        </test-method> <!-- runScenario -->
        <test-method signature="runScenario(io.cucumber.testng.PickleWrapper,io.cucumber.testng.FeatureWrapper)[pri:0, instance:runner.TestRunner@38604b81]" started-at="2023-12-06T13:00:59 EST" name="runScenario" description="Runs Cucumber Scenarios" data-provider="scenarios" finished-at="2023-12-06T13:01:02 EST" duration-ms="2132" status="PASS">
          <params>
            <param index="0">
              <value>
                <![CDATA["The user is able to navigate to Tree Traversals Page"]]>
              </value>
            </param>
            <param index="1">
              <value>
                <![CDATA["Testing tree page on DSalgo aplliction"]]>
              </value>
            </param>
          </params>
          <reporter-output>
          </reporter-output>
        </test-method> <!-- runScenario -->
        <test-method signature="runScenario(io.cucumber.testng.PickleWrapper,io.cucumber.testng.FeatureWrapper)[pri:0, instance:runner.TestRunner@38604b81]" started-at="2023-12-06T13:01:02 EST" name="runScenario" description="Runs Cucumber Scenarios" data-provider="scenarios" finished-at="2023-12-06T13:01:04 EST" duration-ms="2081" status="PASS">
          <params>
            <param index="0">
              <value>
                <![CDATA["The user is able to navigate to Traversals illustration Page"]]>
              </value>
            </param>
            <param index="1">
              <value>
                <![CDATA["Testing tree page on DSalgo aplliction"]]>
              </value>
            </param>
          </params>
          <reporter-output>
          </reporter-output>
        </test-method> <!-- runScenario -->
        <test-method signature="runScenario(io.cucumber.testng.PickleWrapper,io.cucumber.testng.FeatureWrapper)[pri:0, instance:runner.TestRunner@38604b81]" started-at="2023-12-06T13:01:04 EST" name="runScenario" description="Runs Cucumber Scenarios" data-provider="scenarios" finished-at="2023-12-06T13:01:06 EST" duration-ms="2296" status="PASS">
          <params>
            <param index="0">
              <value>
                <![CDATA["The user is able to navigate to Binary trees Page"]]>
              </value>
            </param>
            <param index="1">
              <value>
                <![CDATA["Testing tree page on DSalgo aplliction"]]>
              </value>
            </param>
          </params>
          <reporter-output>
          </reporter-output>
        </test-method> <!-- runScenario -->
        <test-method signature="runScenario(io.cucumber.testng.PickleWrapper,io.cucumber.testng.FeatureWrapper)[pri:0, instance:runner.TestRunner@38604b81]" started-at="2023-12-06T13:01:06 EST" name="runScenario" description="Runs Cucumber Scenarios" data-provider="scenarios" finished-at="2023-12-06T13:01:08 EST" duration-ms="2017" status="PASS">
          <params>
            <param index="0">
              <value>
                <![CDATA["The user is able to navigate to Types of Binary trees Page"]]>
              </value>
            </param>
            <param index="1">
              <value>
                <![CDATA["Testing tree page on DSalgo aplliction"]]>
              </value>
            </param>
          </params>
          <reporter-output>
          </reporter-output>
        </test-method> <!-- runScenario -->
        <test-method signature="runScenario(io.cucumber.testng.PickleWrapper,io.cucumber.testng.FeatureWrapper)[pri:0, instance:runner.TestRunner@38604b81]" started-at="2023-12-06T13:01:08 EST" name="runScenario" description="Runs Cucumber Scenarios" data-provider="scenarios" finished-at="2023-12-06T13:01:10 EST" duration-ms="1908" status="PASS">
          <params>
            <param index="0">
              <value>
                <![CDATA["The user is able to navigate to Implementation in Python Page"]]>
              </value>
            </param>
            <param index="1">
              <value>
                <![CDATA["Testing tree page on DSalgo aplliction"]]>
              </value>
            </param>
          </params>
          <reporter-output>
          </reporter-output>
        </test-method> <!-- runScenario -->
        <test-method signature="runScenario(io.cucumber.testng.PickleWrapper,io.cucumber.testng.FeatureWrapper)[pri:0, instance:runner.TestRunner@38604b81]" started-at="2023-12-06T13:01:10 EST" name="runScenario" description="Runs Cucumber Scenarios" data-provider="scenarios" finished-at="2023-12-06T13:01:12 EST" duration-ms="1869" status="PASS">
          <params>
            <param index="0">
              <value>
                <![CDATA["The user is able to navigate to binary tree traversals Page"]]>
              </value>
            </param>
            <param index="1">
              <value>
                <![CDATA["Testing tree page on DSalgo aplliction"]]>
              </value>
            </param>
          </params>
          <reporter-output>
          </reporter-output>
        </test-method> <!-- runScenario -->
        <test-method signature="runScenario(io.cucumber.testng.PickleWrapper,io.cucumber.testng.FeatureWrapper)[pri:0, instance:runner.TestRunner@38604b81]" started-at="2023-12-06T13:01:12 EST" name="runScenario" description="Runs Cucumber Scenarios" data-provider="scenarios" finished-at="2023-12-06T13:01:14 EST" duration-ms="1870" status="PASS">
          <params>
            <param index="0">
              <value>
                <![CDATA["The user is able to navigate to Implementation of Binary Trees Page"]]>
              </value>
            </param>
            <param index="1">
              <value>
                <![CDATA["Testing tree page on DSalgo aplliction"]]>
              </value>
            </param>
          </params>
          <reporter-output>
          </reporter-output>
        </test-method> <!-- runScenario -->
        <test-method signature="runScenario(io.cucumber.testng.PickleWrapper,io.cucumber.testng.FeatureWrapper)[pri:0, instance:runner.TestRunner@38604b81]" started-at="2023-12-06T13:01:14 EST" name="runScenario" description="Runs Cucumber Scenarios" data-provider="scenarios" finished-at="2023-12-06T13:01:15 EST" duration-ms="1784" status="PASS">
          <params>
            <param index="0">
              <value>
                <![CDATA["The user is able to navigate to Applications of Binary Trees Page"]]>
              </value>
            </param>
            <param index="1">
              <value>
                <![CDATA["Testing tree page on DSalgo aplliction"]]>
              </value>
            </param>
          </params>
          <reporter-output>
          </reporter-output>
        </test-method> <!-- runScenario -->
        <test-method signature="runScenario(io.cucumber.testng.PickleWrapper,io.cucumber.testng.FeatureWrapper)[pri:0, instance:runner.TestRunner@38604b81]" started-at="2023-12-06T13:01:15 EST" name="runScenario" description="Runs Cucumber Scenarios" data-provider="scenarios" finished-at="2023-12-06T13:01:17 EST" duration-ms="1924" status="PASS">
          <params>
            <param index="0">
              <value>
                <![CDATA["The user is able to navigate to Binary Search Trees Page"]]>
              </value>
            </param>
            <param index="1">
              <value>
                <![CDATA["Testing tree page on DSalgo aplliction"]]>
              </value>
            </param>
          </params>
          <reporter-output>
          </reporter-output>
        </test-method> <!-- runScenario -->
        <test-method signature="runScenario(io.cucumber.testng.PickleWrapper,io.cucumber.testng.FeatureWrapper)[pri:0, instance:runner.TestRunner@38604b81]" started-at="2023-12-06T13:01:17 EST" name="runScenario" description="Runs Cucumber Scenarios" data-provider="scenarios" finished-at="2023-12-06T13:01:19 EST" duration-ms="1946" status="PASS">
          <params>
            <param index="0">
              <value>
                <![CDATA["The user is able to navigate to Implementation of BST Page"]]>
              </value>
            </param>
            <param index="1">
              <value>
                <![CDATA["Testing tree page on DSalgo aplliction"]]>
              </value>
            </param>
          </params>
          <reporter-output>
          </reporter-output>
        </test-method> <!-- runScenario -->
        <test-method signature="runScenario(io.cucumber.testng.PickleWrapper,io.cucumber.testng.FeatureWrapper)[pri:0, instance:runner.TestRunner@38604b81]" started-at="2023-12-06T13:01:19 EST" name="runScenario" description="Runs Cucumber Scenarios" data-provider="scenarios" finished-at="2023-12-06T13:01:20 EST" duration-ms="1088" status="PASS">
          <params>
            <param index="0">
              <value>
                <![CDATA["The user validating "Practice Questions" page"]]>
              </value>
            </param>
            <param index="1">
              <value>
                <![CDATA["Testing tree page on DSalgo aplliction"]]>
              </value>
            </param>
          </params>
          <reporter-output>
          </reporter-output>
        </test-method> <!-- runScenario -->
        <test-method signature="runScenario(io.cucumber.testng.PickleWrapper,io.cucumber.testng.FeatureWrapper)[pri:0, instance:runner.TestRunner@38604b81]" started-at="2023-12-06T13:01:20 EST" name="runScenario" description="Runs Cucumber Scenarios" data-provider="scenarios" finished-at="2023-12-06T13:01:22 EST" duration-ms="1250" status="PASS">
          <params>
            <param index="0">
              <value>
                <![CDATA["The user is logged in to DS Algo portal"]]>
              </value>
            </param>
            <param index="1">
              <value>
                <![CDATA["Testing graph page on DSalgo aplliction"]]>
              </value>
            </param>
          </params>
          <reporter-output>
          </reporter-output>
        </test-method> <!-- runScenario -->
        <test-method signature="runScenario(io.cucumber.testng.PickleWrapper,io.cucumber.testng.FeatureWrapper)[pri:0, instance:runner.TestRunner@38604b81]" started-at="2023-12-06T13:01:22 EST" name="runScenario" description="Runs Cucumber Scenarios" data-provider="scenarios" finished-at="2023-12-06T13:01:24 EST" duration-ms="1965" status="PASS">
          <params>
            <param index="0">
              <value>
                <![CDATA["Graph Module"]]>
              </value>
            </param>
            <param index="1">
              <value>
                <![CDATA["Testing graph page on DSalgo aplliction"]]>
              </value>
            </param>
          </params>
          <reporter-output>
          </reporter-output>
        </test-method> <!-- runScenario -->
        <test-method signature="runScenario(io.cucumber.testng.PickleWrapper,io.cucumber.testng.FeatureWrapper)[pri:0, instance:runner.TestRunner@38604b81]" started-at="2023-12-06T13:01:24 EST" name="runScenario" description="Runs Cucumber Scenarios" data-provider="scenarios" finished-at="2023-12-06T13:01:25 EST" duration-ms="1649" status="PASS">
          <params>
            <param index="0">
              <value>
                <![CDATA["user is navigated to Graph page"]]>
              </value>
            </param>
            <param index="1">
              <value>
                <![CDATA["Testing graph page on DSalgo aplliction"]]>
              </value>
            </param>
          </params>
          <reporter-output>
          </reporter-output>
        </test-method> <!-- runScenario -->
        <test-method signature="runScenario(io.cucumber.testng.PickleWrapper,io.cucumber.testng.FeatureWrapper)[pri:0, instance:runner.TestRunner@38604b81]" started-at="2023-12-06T13:01:25 EST" name="runScenario" description="Runs Cucumber Scenarios" data-provider="scenarios" finished-at="2023-12-06T13:01:26 EST" duration-ms="706" status="PASS">
          <params>
            <param index="0">
              <value>
                <![CDATA["The user validating "Practice Questions" page"]]>
              </value>
            </param>
            <param index="1">
              <value>
                <![CDATA["Testing graph page on DSalgo aplliction"]]>
              </value>
            </param>
          </params>
          <reporter-output>
          </reporter-output>
        </test-method> <!-- runScenario -->
        <test-method is-config="true" signature="tearDownClass()[pri:0, instance:runner.TestRunner@38604b81]" started-at="2023-12-06T13:01:26 EST" name="tearDownClass" finished-at="2023-12-06T13:01:27 EST" duration-ms="1220" status="PASS">
          <reporter-output>
          </reporter-output>
        </test-method> <!-- tearDownClass -->
      </class> <!-- runner.TestRunner -->
    </test> <!-- ChromeTestCases -->
  </suite> <!-- Suite -->
</testng-results>
